<?xml version="1.0" encoding="UTF-8"?><testsuite errors="1" failures="0" name="Web Automation Demo Site" skipped="0" tests="1" time="21.12" timestamp="2020-05-26 06:13:35"><testcase name="Registration on the Web Automation Demo Site"><error message="Arity mismatch: Step Definition 'co.com.choucair.reto1.stepdefinitions.WebAutomationDemoStepDefinitions.sheVerifiesThatTheScreenLoadsWithTextDoubleClickOnEditIconToEDITTheTableRow() in file:/C:/Users/adiaz/Desktop/Cursos%20Alix/ScreenPlay%20Web/Repo/ScreenPlay/co.com.choucair.reto1/build/classes/java/test/' with pattern [^she verifies that the screen loads with text (.*)$] is declared with 0 parameters. However, the gherkin step has 1 arguments [Double Click on Edit Icon to EDIT the Table Row]. &#10;Step text: she verifies that the screen loads with text Double Click on Edit Icon to EDIT the Table Row" type="cucumber.runtime.CucumberException">Arity mismatch: Step Definition 'co.com.choucair.reto1.stepdefinitions.WebAutomationDemoStepDefinitions.sheVerifiesThatTheScreenLoadsWithTextDoubleClickOnEditIconToEDITTheTableRow() in file:/C:/Users/adiaz/Desktop/Cursos%20Alix/ScreenPlay%20Web/Repo/ScreenPlay/co.com.choucair.reto1/build/classes/java/test/' with pattern [^she verifies that the screen loads with text (.*)$] is declared with 0 parameters. However, the gherkin step has 1 arguments [Double Click on Edit Icon to EDIT the Table Row]. 
Step text: she verifies that the screen loads with text Double Click on Edit Icon to EDIT the Table Row</error><system-err>Arity mismatch: Step Definition 'co.com.choucair.reto1.stepdefinitions.WebAutomationDemoStepDefinitions.sheVerifiesThatTheScreenLoadsWithTextDoubleClickOnEditIconToEDITTheTableRow() in file:/C:/Users/adiaz/Desktop/Cursos%20Alix/ScreenPlay%20Web/Repo/ScreenPlay/co.com.choucair.reto1/build/classes/java/test/' with pattern [^she verifies that the screen loads with text (.*)$] is declared with 0 parameters. However, the gherkin step has 1 arguments [Double Click on Edit Icon to EDIT the Table Row]. 
Step text: she verifies that the screen loads with text Double Click on Edit Icon to EDIT the Table Row&#13;
cucumber.runner.Runner.runPickle(Runner.java:80)&#13;
</system-err></testcase></testsuite>